FUNCTION print:
	t0= 5
	a= t0
	t1= "a in global scope is: "
	parameter t1
	t2= CALL printStr 1
	parameter a
	t3= CALL printInt 1
	t4= "\n"
	parameter t4
	t5= CALL printStr 1
END FUNCTION

FUNCTION main:
	t6= 7
	a= t6
	t7= 11
	a= t7
	t8= "a local nested one is: "
	parameter t8
	t9= CALL printStr 1
	parameter a
	t10= CALL printInt 1
	t11= "\n"
	parameter t11
	t12= CALL printStr 1
	t13= "a local nested zero is: "
	parameter t13
	t14= CALL printStr 1
	parameter a
	t15= CALL printInt 1
	t16= "\n"
	parameter t16
	t17= CALL printStr 1
	t18= CALL print 0
END FUNCTION

