FUNCTION fib:
	t0= 2
	t1= n<t0
	if t1 Jump 6
	Jump 7
	return n
	t2= 1
	t3= n-t2
	parameter t3
	t4= CALL fib 1
	t5= 2
	t6= n-t5
	parameter t6
	t7= CALL fib 1
	t8= t4+t7
	return t8
END FUNCTION

FUNCTION main:
	t9= "Enter n (0<=n<=30): "
	parameter t9
	t10= CALL printStr 1
	t11= &n
	parameter t11
	t12= CALL readInt 1
	t13= "nth Fibbonaci number is: "
	parameter t13
	t14= CALL printStr 1
	parameter n
	t15= CALL fib 1
	parameter t15
	t16= CALL printInt 1
	t17= "\n"
	parameter t17
	t18= CALL printStr 1
END FUNCTION

